<?xml version="1.0" encoding="UTF-8"?>
<!-- Generated by org.testng.reporters.JUnitXMLReporter -->
<testsuite ignored="0" hostname="User-PC" failures="0" tests="3" name="Default test" time="0.224" errors="0" timestamp="2023-07-03T09:30:52 IST">
  <testcase classname="my_frist.day4" name="ApiloginLone" time="0.02"/>
  <testcase classname="my_frist.day4" name="MobielloginHomeLone" time="0.005"/>
  <testcase classname="my_frist.day4" name="webloginHomeLone" time="0.002"/>
</testsuite> <!-- Default test -->
