<?xml version="1.0" encoding="UTF-8"?>
<!-- Generated by org.testng.reporters.JUnitXMLReporter -->
<testsuite ignored="0" hostname="User-PC" failures="0" tests="4" name="Test" time="0.127" errors="0" timestamp="2023-06-19T08:34:01 IST">
  <testcase classname="my_frist.day1" name="Demo" time="0.013"/>
  <testcase classname="my_frist.day1" name="Demo1" time="0.003"/>
  <testcase classname="my_frist.day1" name="Demo3" time="0.003"/>
  <testcase classname="my_frist.day2" name="Demo" time="0.005"/>
</testsuite> <!-- Test -->
