<?xml version="1.0" encoding="UTF-8"?>
<testng-results ignored="0" total="3" passed="3" failed="0" skipped="0">
  <reporter-output>
  </reporter-output>
  <suite started-at="2023-07-03T09:30:51 IST" name="Default suite" finished-at="2023-07-03T09:30:52 IST" duration-ms="224">
    <groups>
    </groups>
    <test started-at="2023-07-03T09:30:51 IST" name="Default test" finished-at="2023-07-03T09:30:52 IST" duration-ms="224">
      <class name="my_frist.day4">
        <test-method signature="ApiloginLone()[pri:0, instance:my_frist.day4@2a265ea9]" started-at="2023-07-03T09:30:52 IST" name="ApiloginLone" finished-at="2023-07-03T09:30:52 IST" duration-ms="20" status="PASS">
          <reporter-output>
          </reporter-output>
        </test-method> <!-- ApiloginLone -->
        <test-method is-config="true" signature="carparkinglong6()[pri:0, instance:my_frist.day4@2a265ea9]" started-at="2023-07-03T09:30:52 IST" name="carparkinglong6" finished-at="2023-07-03T09:30:52 IST" duration-ms="11" status="PASS">
          <reporter-output>
          </reporter-output>
        </test-method> <!-- carparkinglong6 -->
        <test-method signature="MobielloginHomeLone()[pri:0, instance:my_frist.day4@2a265ea9]" started-at="2023-07-03T09:30:52 IST" name="MobielloginHomeLone" finished-at="2023-07-03T09:30:52 IST" duration-ms="5" status="PASS">
          <reporter-output>
          </reporter-output>
        </test-method> <!-- MobielloginHomeLone -->
        <test-method is-config="true" signature="carparkinglong6()[pri:0, instance:my_frist.day4@2a265ea9]" started-at="2023-07-03T09:30:52 IST" name="carparkinglong6" finished-at="2023-07-03T09:30:52 IST" duration-ms="1" status="PASS">
          <reporter-output>
          </reporter-output>
        </test-method> <!-- carparkinglong6 -->
        <test-method signature="webloginHomeLone()[pri:0, instance:my_frist.day4@2a265ea9]" started-at="2023-07-03T09:30:52 IST" name="webloginHomeLone" finished-at="2023-07-03T09:30:52 IST" duration-ms="2" status="PASS">
          <reporter-output>
          </reporter-output>
        </test-method> <!-- webloginHomeLone -->
        <test-method is-config="true" signature="carparkinglong6()[pri:0, instance:my_frist.day4@2a265ea9]" started-at="2023-07-03T09:30:52 IST" name="carparkinglong6" finished-at="2023-07-03T09:30:52 IST" duration-ms="2" status="PASS">
          <reporter-output>
          </reporter-output>
        </test-method> <!-- carparkinglong6 -->
      </class> <!-- my_frist.day4 -->
    </test> <!-- Default test -->
  </suite> <!-- Default suite -->
</testng-results>
