<?xml version="1.0" encoding="UTF-8"?>
<!-- Generated by org.testng.reporters.JUnitXMLReporter -->
<testsuite ignored="0" hostname="User-PC" failures="0" tests="7" name="personl lone" time="0.235" errors="0" timestamp="2023-06-27T18:59:35 IST">
  <testcase classname="my_frist.day1" name="apiBikelone" time="0.011"/>
  <testcase classname="my_frist.day1" name="mobileBikelone" time="0.005"/>
  <testcase classname="my_frist.day1" name="webBikelone" time="0.005"/>
  <testcase classname="my_frist.day2" name="Demo" time="0.002"/>
  <testcase classname="my_frist.day4" name="ApiloginLone" time="0.006"/>
  <testcase classname="my_frist.day4" name="MobielloginHomeLone" time="0.004"/>
  <testcase classname="my_frist.day4" name="webloginHomeLone" time="0.007"/>
</testsuite> <!-- personl lone -->
